app/build/intermediates/manifest_merge_blame_file/debug/processDebugMainManifest/manifest-merger-blame-debug-report.txt
1<?xml version="1.0" encoding="utf-8"?>
2<manifest xmlns:android="http://schemas.android.com/apk/res/android"
3    package="com.karla.recetas"
4    android:versionCode="1"
5    android:versionName="1.0.0" >
6
7    <uses-sdk
8        android:minSdkVersion="23"
9        android:targetSdkVersion="34" />
10
11    <uses-permission android:name="android.permission.INTERNET" />
11-->src\main\AndroidManifest.xml:2:3-65
11-->src\main\AndroidManifest.xml:2:20-62
12    <uses-permission android:name="android.permission.WAKE_LOCK" />
12-->[androidx.work:work-runtime:2.9.0] AndroidManifest.xml:23:5-68
12-->[androidx.work:work-runtime:2.9.0] AndroidManifest.xml:23:22-65
13    <uses-permission android:name="android.permission.ACCESS_NETWORK_STATE" />
13-->[androidx.work:work-runtime:2.9.0] AndroidManifest.xml:24:5-79
13-->[androidx.work:work-runtime:2.9.0] AndroidManifest.xml:24:22-76
14    <uses-permission android:name="android.permission.RECEIVE_BOOT_COMPLETED" />
14-->[androidx.work:work-runtime:2.9.0] AndroidManifest.xml:25:5-81
14-->[androidx.work:work-runtime:2.9.0] AndroidManifest.xml:25:22-78
15    <uses-permission android:name="android.permission.FOREGROUND_SERVICE" />
15-->[androidx.work:work-runtime:2.9.0] AndroidManifest.xml:26:5-77
15-->[androidx.work:work-runtime:2.9.0] AndroidManifest.xml:26:22-74
16
17    <permission
17-->[androidx.core:core:1.13.1] AndroidManifest.xml:22:5-24:47
18        android:name="com.karla.recetas.DYNAMIC_RECEIVER_NOT_EXPORTED_PERMISSION"
18-->[androidx.core:core:1.13.1] AndroidManifest.xml:23:9-81
19        android:protectionLevel="signature" />
19-->[androidx.core:core:1.13.1] AndroidManifest.xml:24:9-44
20
21    <uses-permission android:name="com.karla.recetas.DYNAMIC_RECEIVER_NOT_EXPORTED_PERMISSION" />
21-->[androidx.core:core:1.13.1] AndroidManifest.xml:26:5-97
21-->[androidx.core:core:1.13.1] AndroidManifest.xml:26:22-94
22
23    <application
23-->src\main\AndroidManifest.xml:4:3-17:17
24        android:allowBackup="true"
24-->src\main\AndroidManifest.xml:5:7-33
25        android:appComponentFactory="androidx.core.app.CoreComponentFactory"
25-->[androidx.core:core:1.13.1] AndroidManifest.xml:28:18-86
26        android:debuggable="true"
27        android:extractNativeLibs="false"
28        android:label="Recetas Gemini"
28-->src\main\AndroidManifest.xml:6:7-37
29        android:testOnly="true"
30        android:theme="@style/Theme.RecetasGemini" >
30-->src\main\AndroidManifest.xml:7:7-49
31        <activity
31-->src\main\AndroidManifest.xml:9:5-16:16
32            android:name="com.karla.recetas.MainActivity"
32-->src\main\AndroidManifest.xml:10:9-54
33            android:exported="true" >
33-->src\main\AndroidManifest.xml:11:9-32
34            <intent-filter>
34-->src\main\AndroidManifest.xml:12:7-15:23
35                <action android:name="android.intent.action.MAIN" />
35-->src\main\AndroidManifest.xml:13:9-61
35-->src\main\AndroidManifest.xml:13:17-58
36
37                <category android:name="android.intent.category.LAUNCHER" />
37-->src\main\AndroidManifest.xml:14:9-69
37-->src\main\AndroidManifest.xml:14:19-66
38            </intent-filter>
39        </activity>
40
41        <provider
41-->[androidx.emoji2:emoji2:1.3.0] AndroidManifest.xml:24:9-32:20
42            android:name="androidx.startup.InitializationProvider"
42-->[androidx.emoji2:emoji2:1.3.0] AndroidManifest.xml:25:13-67
43            android:authorities="com.karla.recetas.androidx-startup"
43-->[androidx.emoji2:emoji2:1.3.0] AndroidManifest.xml:26:13-68
44            android:exported="false" >
44-->[androidx.emoji2:emoji2:1.3.0] AndroidManifest.xml:27:13-37
45            <meta-data
45-->[androidx.emoji2:emoji2:1.3.0] AndroidManifest.xml:29:13-31:52
46                android:name="androidx.emoji2.text.EmojiCompatInitializer"
46-->[androidx.emoji2:emoji2:1.3.0] AndroidManifest.xml:30:17-75
47                android:value="androidx.startup" />
47-->[androidx.emoji2:emoji2:1.3.0] AndroidManifest.xml:31:17-49
48            <meta-data
48-->[androidx.work:work-runtime:2.9.0] AndroidManifest.xml:34:13-36:52
49                android:name="androidx.work.WorkManagerInitializer"
49-->[androidx.work:work-runtime:2.9.0] AndroidManifest.xml:35:17-68
50                android:value="androidx.startup" />
50-->[androidx.work:work-runtime:2.9.0] AndroidManifest.xml:36:17-49
51            <meta-data
51-->[androidx.lifecycle:lifecycle-process:2.8.4] AndroidManifest.xml:29:13-31:52
52                android:name="androidx.lifecycle.ProcessLifecycleInitializer"
52-->[androidx.lifecycle:lifecycle-process:2.8.4] AndroidManifest.xml:30:17-78
53                android:value="androidx.startup" />
53-->[androidx.lifecycle:lifecycle-process:2.8.4] AndroidManifest.xml:31:17-49
54            <meta-data
54-->[androidx.profileinstaller:profileinstaller:1.3.1] AndroidManifest.xml:29:13-31:52
55                android:name="androidx.profileinstaller.ProfileInstallerInitializer"
55-->[androidx.profileinstaller:profileinstaller:1.3.1] AndroidManifest.xml:30:17-85
56                android:value="androidx.startup" />
56-->[androidx.profileinstaller:profileinstaller:1.3.1] AndroidManifest.xml:31:17-49
57        </provider>
58
59        <service
59-->[androidx.work:work-runtime:2.9.0] AndroidManifest.xml:39:9-45:35
60            android:name="androidx.work.impl.background.systemalarm.SystemAlarmService"
60-->[androidx.work:work-runtime:2.9.0] AndroidManifest.xml:40:13-88
61            android:directBootAware="false"
61-->[androidx.work:work-runtime:2.9.0] AndroidManifest.xml:41:13-44
62            android:enabled="@bool/enable_system_alarm_service_default"
62-->[androidx.work:work-runtime:2.9.0] AndroidManifest.xml:42:13-72
63            android:exported="false" />
63-->[androidx.work:work-runtime:2.9.0] AndroidManifest.xml:43:13-37
64        <service
64-->[androidx.work:work-runtime:2.9.0] AndroidManifest.xml:46:9-52:35
65            android:name="androidx.work.impl.background.systemjob.SystemJobService"
65-->[androidx.work:work-runtime:2.9.0] AndroidManifest.xml:47:13-84
66            android:directBootAware="false"
66-->[androidx.work:work-runtime:2.9.0] AndroidManifest.xml:48:13-44
67            android:enabled="@bool/enable_system_job_service_default"
67-->[androidx.work:work-runtime:2.9.0] AndroidManifest.xml:49:13-70
68            android:exported="true"
68-->[androidx.work:work-runtime:2.9.0] AndroidManifest.xml:50:13-36
69            android:permission="android.permission.BIND_JOB_SERVICE" />
69-->[androidx.work:work-runtime:2.9.0] AndroidManifest.xml:51:13-69
70        <service
70-->[androidx.work:work-runtime:2.9.0] AndroidManifest.xml:53:9-59:35
71            android:name="androidx.work.impl.foreground.SystemForegroundService"
71-->[androidx.work:work-runtime:2.9.0] AndroidManifest.xml:54:13-81
72            android:directBootAware="false"
72-->[androidx.work:work-runtime:2.9.0] AndroidManifest.xml:55:13-44
73            android:enabled="@bool/enable_system_foreground_service_default"
73-->[androidx.work:work-runtime:2.9.0] AndroidManifest.xml:56:13-77
74            android:exported="false" />
74-->[androidx.work:work-runtime:2.9.0] AndroidManifest.xml:57:13-37
75
76        <receiver
76-->[androidx.work:work-runtime:2.9.0] AndroidManifest.xml:61:9-66:35
77            android:name="androidx.work.impl.utils.ForceStopRunnable$BroadcastReceiver"
77-->[androidx.work:work-runtime:2.9.0] AndroidManifest.xml:62:13-88
78            android:directBootAware="false"
78-->[androidx.work:work-runtime:2.9.0] AndroidManifest.xml:63:13-44
79            android:enabled="true"
79-->[androidx.work:work-runtime:2.9.0] AndroidManifest.xml:64:13-35
80            android:exported="false" />
80-->[androidx.work:work-runtime:2.9.0] AndroidManifest.xml:65:13-37
81        <receiver
81-->[androidx.work:work-runtime:2.9.0] AndroidManifest.xml:67:9-77:20
82            android:name="androidx.work.impl.background.systemalarm.ConstraintProxy$BatteryChargingProxy"
82-->[androidx.work:work-runtime:2.9.0] AndroidManifest.xml:68:13-106
83            android:directBootAware="false"
83-->[androidx.work:work-runtime:2.9.0] AndroidManifest.xml:69:13-44
84            android:enabled="false"
84-->[androidx.work:work-runtime:2.9.0] AndroidManifest.xml:70:13-36
85            android:exported="false" >
85-->[androidx.work:work-runtime:2.9.0] AndroidManifest.xml:71:13-37
86            <intent-filter>
86-->[androidx.work:work-runtime:2.9.0] AndroidManifest.xml:73:13-76:29
87                <action android:name="android.intent.action.ACTION_POWER_CONNECTED" />
87-->[androidx.work:work-runtime:2.9.0] AndroidManifest.xml:74:17-87
87-->[androidx.work:work-runtime:2.9.0] AndroidManifest.xml:74:25-84
88                <action android:name="android.intent.action.ACTION_POWER_DISCONNECTED" />
88-->[androidx.work:work-runtime:2.9.0] AndroidManifest.xml:75:17-90
88-->[androidx.work:work-runtime:2.9.0] AndroidManifest.xml:75:25-87
89            </intent-filter>
90        </receiver>
91        <receiver
91-->[androidx.work:work-runtime:2.9.0] AndroidManifest.xml:78:9-88:20
92            android:name="androidx.work.impl.background.systemalarm.ConstraintProxy$BatteryNotLowProxy"
92-->[androidx.work:work-runtime:2.9.0] AndroidManifest.xml:79:13-104
93            android:directBootAware="false"
93-->[androidx.work:work-runtime:2.9.0] AndroidManifest.xml:80:13-44
94            android:enabled="false"
94-->[androidx.work:work-runtime:2.9.0] AndroidManifest.xml:81:13-36
95            android:exported="false" >
95-->[androidx.work:work-runtime:2.9.0] AndroidManifest.xml:82:13-37
96            <intent-filter>
96-->[androidx.work:work-runtime:2.9.0] AndroidManifest.xml:84:13-87:29
97                <action android:name="android.intent.action.BATTERY_OKAY" />
97-->[androidx.work:work-runtime:2.9.0] AndroidManifest.xml:85:17-77
97-->[androidx.work:work-runtime:2.9.0] AndroidManifest.xml:85:25-74
98                <action android:name="android.intent.action.BATTERY_LOW" />
98-->[androidx.work:work-runtime:2.9.0] AndroidManifest.xml:86:17-76
98-->[androidx.work:work-runtime:2.9.0] AndroidManifest.xml:86:25-73
99            </intent-filter>
100        </receiver>
101        <receiver
101-->[androidx.work:work-runtime:2.9.0] AndroidManifest.xml:89:9-99:20
102            android:name="androidx.work.impl.background.systemalarm.ConstraintProxy$StorageNotLowProxy"
102-->[androidx.work:work-runtime:2.9.0] AndroidManifest.xml:90:13-104
103            android:directBootAware="false"
103-->[androidx.work:work-runtime:2.9.0] AndroidManifest.xml:91:13-44
104            android:enabled="false"
104-->[androidx.work:work-runtime:2.9.0] AndroidManifest.xml:92:13-36
105            android:exported="false" >
105-->[androidx.work:work-runtime:2.9.0] AndroidManifest.xml:93:13-37
106            <intent-filter>
106-->[androidx.work:work-runtime:2.9.0] AndroidManifest.xml:95:13-98:29
107                <action android:name="android.intent.action.DEVICE_STORAGE_LOW" />
107-->[androidx.work:work-runtime:2.9.0] AndroidManifest.xml:96:17-83
107-->[androidx.work:work-runtime:2.9.0] AndroidManifest.xml:96:25-80
108                <action android:name="android.intent.action.DEVICE_STORAGE_OK" />
108-->[androidx.work:work-runtime:2.9.0] AndroidManifest.xml:97:17-82
108-->[androidx.work:work-runtime:2.9.0] AndroidManifest.xml:97:25-79
109            </intent-filter>
110        </receiver>
111        <receiver
111-->[androidx.work:work-runtime:2.9.0] AndroidManifest.xml:100:9-109:20
112            android:name="androidx.work.impl.background.systemalarm.ConstraintProxy$NetworkStateProxy"
112-->[androidx.work:work-runtime:2.9.0] AndroidManifest.xml:101:13-103
113            android:directBootAware="false"
113-->[androidx.work:work-runtime:2.9.0] AndroidManifest.xml:102:13-44
114            android:enabled="false"
114-->[androidx.work:work-runtime:2.9.0] AndroidManifest.xml:103:13-36
115            android:exported="false" >
115-->[androidx.work:work-runtime:2.9.0] AndroidManifest.xml:104:13-37
116            <intent-filter>
116-->[androidx.work:work-runtime:2.9.0] AndroidManifest.xml:106:13-108:29
117                <action android:name="android.net.conn.CONNECTIVITY_CHANGE" />
117-->[androidx.work:work-runtime:2.9.0] AndroidManifest.xml:107:17-79
117-->[androidx.work:work-runtime:2.9.0] AndroidManifest.xml:107:25-76
118            </intent-filter>
119        </receiver>
120        <receiver
120-->[androidx.work:work-runtime:2.9.0] AndroidManifest.xml:110:9-121:20
121            android:name="androidx.work.impl.background.systemalarm.RescheduleReceiver"
121-->[androidx.work:work-runtime:2.9.0] AndroidManifest.xml:111:13-88
122            android:directBootAware="false"
122-->[androidx.work:work-runtime:2.9.0] AndroidManifest.xml:112:13-44
123            android:enabled="false"
123-->[androidx.work:work-runtime:2.9.0] AndroidManifest.xml:113:13-36
124            android:exported="false" >
124-->[androidx.work:work-runtime:2.9.0] AndroidManifest.xml:114:13-37
125            <intent-filter>
125-->[androidx.work:work-runtime:2.9.0] AndroidManifest.xml:116:13-120:29
126                <action android:name="android.intent.action.BOOT_COMPLETED" />
126-->[androidx.work:work-runtime:2.9.0] AndroidManifest.xml:117:17-79
126-->[androidx.work:work-runtime:2.9.0] AndroidManifest.xml:117:25-76
127                <action android:name="android.intent.action.TIME_SET" />
127-->[androidx.work:work-runtime:2.9.0] AndroidManifest.xml:118:17-73
127-->[androidx.work:work-runtime:2.9.0] AndroidManifest.xml:118:25-70
128                <action android:name="android.intent.action.TIMEZONE_CHANGED" />
128-->[androidx.work:work-runtime:2.9.0] AndroidManifest.xml:119:17-81
128-->[androidx.work:work-runtime:2.9.0] AndroidManifest.xml:119:25-78
129            </intent-filter>
130        </receiver>
131        <receiver
131-->[androidx.work:work-runtime:2.9.0] AndroidManifest.xml:122:9-131:20
132            android:name="androidx.work.impl.background.systemalarm.ConstraintProxyUpdateReceiver"
132-->[androidx.work:work-runtime:2.9.0] AndroidManifest.xml:123:13-99
133            android:directBootAware="false"
133-->[androidx.work:work-runtime:2.9.0] AndroidManifest.xml:124:13-44
134            android:enabled="@bool/enable_system_alarm_service_default"
134-->[androidx.work:work-runtime:2.9.0] AndroidManifest.xml:125:13-72
135            android:exported="false" >
135-->[androidx.work:work-runtime:2.9.0] AndroidManifest.xml:126:13-37
136            <intent-filter>
136-->[androidx.work:work-runtime:2.9.0] AndroidManifest.xml:128:13-130:29
137                <action android:name="androidx.work.impl.background.systemalarm.UpdateProxies" />
137-->[androidx.work:work-runtime:2.9.0] AndroidManifest.xml:129:17-98
137-->[androidx.work:work-runtime:2.9.0] AndroidManifest.xml:129:25-95
138            </intent-filter>
139        </receiver>
140        <receiver
140-->[androidx.work:work-runtime:2.9.0] AndroidManifest.xml:132:9-142:20
141            android:name="androidx.work.impl.diagnostics.DiagnosticsReceiver"
141-->[androidx.work:work-runtime:2.9.0] AndroidManifest.xml:133:13-78
142            android:directBootAware="false"
142-->[androidx.work:work-runtime:2.9.0] AndroidManifest.xml:134:13-44
143            android:enabled="true"
143-->[androidx.work:work-runtime:2.9.0] AndroidManifest.xml:135:13-35
144            android:exported="true"
144-->[androidx.work:work-runtime:2.9.0] AndroidManifest.xml:136:13-36
145            android:permission="android.permission.DUMP" >
145-->[androidx.work:work-runtime:2.9.0] AndroidManifest.xml:137:13-57
146            <intent-filter>
146-->[androidx.work:work-runtime:2.9.0] AndroidManifest.xml:139:13-141:29
147                <action android:name="androidx.work.diagnostics.REQUEST_DIAGNOSTICS" />
147-->[androidx.work:work-runtime:2.9.0] AndroidManifest.xml:140:17-88
147-->[androidx.work:work-runtime:2.9.0] AndroidManifest.xml:140:25-85
148            </intent-filter>
149        </receiver>
150
151        <service
151-->[androidx.room:room-runtime:2.6.1] AndroidManifest.xml:24:9-28:63
152            android:name="androidx.room.MultiInstanceInvalidationService"
152-->[androidx.room:room-runtime:2.6.1] AndroidManifest.xml:25:13-74
153            android:directBootAware="true"
153-->[androidx.room:room-runtime:2.6.1] AndroidManifest.xml:26:13-43
154            android:exported="false" />
154-->[androidx.room:room-runtime:2.6.1] AndroidManifest.xml:27:13-37
155
156        <receiver
156-->[androidx.profileinstaller:profileinstaller:1.3.1] AndroidManifest.xml:34:9-52:20
157            android:name="androidx.profileinstaller.ProfileInstallReceiver"
157-->[androidx.profileinstaller:profileinstaller:1.3.1] AndroidManifest.xml:35:13-76
158            android:directBootAware="false"
158-->[androidx.profileinstaller:profileinstaller:1.3.1] AndroidManifest.xml:36:13-44
159            android:enabled="true"
159-->[androidx.profileinstaller:profileinstaller:1.3.1] AndroidManifest.xml:37:13-35
160            android:exported="true"
160-->[androidx.profileinstaller:profileinstaller:1.3.1] AndroidManifest.xml:38:13-36
161            android:permission="android.permission.DUMP" >
161-->[androidx.profileinstaller:profileinstaller:1.3.1] AndroidManifest.xml:39:13-57
162            <intent-filter>
162-->[androidx.profileinstaller:profileinstaller:1.3.1] AndroidManifest.xml:40:13-42:29
163                <action android:name="androidx.profileinstaller.action.INSTALL_PROFILE" />
163-->[androidx.profileinstaller:profileinstaller:1.3.1] AndroidManifest.xml:41:17-91
163-->[androidx.profileinstaller:profileinstaller:1.3.1] AndroidManifest.xml:41:25-88
164            </intent-filter>
165            <intent-filter>
165-->[androidx.profileinstaller:profileinstaller:1.3.1] AndroidManifest.xml:43:13-45:29
166                <action android:name="androidx.profileinstaller.action.SKIP_FILE" />
166-->[androidx.profileinstaller:profileinstaller:1.3.1] AndroidManifest.xml:44:17-85
166-->[androidx.profileinstaller:profileinstaller:1.3.1] AndroidManifest.xml:44:25-82
167            </intent-filter>
168            <intent-filter>
168-->[androidx.profileinstaller:profileinstaller:1.3.1] AndroidManifest.xml:46:13-48:29
169                <action android:name="androidx.profileinstaller.action.SAVE_PROFILE" />
169-->[androidx.profileinstaller:profileinstaller:1.3.1] AndroidManifest.xml:47:17-88
169-->[androidx.profileinstaller:profileinstaller:1.3.1] AndroidManifest.xml:47:25-85
170            </intent-filter>
171            <intent-filter>
171-->[androidx.profileinstaller:profileinstaller:1.3.1] AndroidManifest.xml:49:13-51:29
172                <action android:name="androidx.profileinstaller.action.BENCHMARK_OPERATION" />
172-->[androidx.profileinstaller:profileinstaller:1.3.1] AndroidManifest.xml:50:17-95
172-->[androidx.profileinstaller:profileinstaller:1.3.1] AndroidManifest.xml:50:25-92
173            </intent-filter>
174        </receiver>
175    </application>
176
177</manifest>